<?xml version="1.0" encoding="UTF-8"?>
<!-- Generated by org.testng.reporters.JUnitReportReporter -->
<testsuite hostname="LVNHCMAC0000161" name="selenium_api.Topic_01_CheckEnvironment" tests="3" failures="0" timestamp="19 Mar 2019 16:46:48 GMT" time="0.103" errors="0">
  <testcase name="TC_02_CheckTitle" time="0.010" classname="selenium_api.Topic_01_CheckEnvironment"/>
  <testcase name="TC_01_CheckUrl" time="0.020" classname="selenium_api.Topic_01_CheckEnvironment"/>
  <testcase name="TC_03_HomePageLogoDisplayed" time="0.073" classname="selenium_api.Topic_01_CheckEnvironment"/>
</testsuite> <!-- selenium_api.Topic_01_CheckEnvironment -->
