<?xml version="1.0" encoding="UTF-8"?>
<!-- Generated by org.testng.reporters.JUnitReportReporter -->
<testsuite hostname="LVNHCMAC0000161" name="selenium_api.Topic_01_CheckEnvironment" tests="1" failures="0" timestamp="16 Mar 2019 15:21:39 GMT" time="0.018" errors="0">
  <testcase name="TC_01_CheckTitle" time="0.018" classname="selenium_api.Topic_01_CheckEnvironment"/>
</testsuite> <!-- selenium_api.Topic_01_CheckEnvironment -->
